0 info it worked if it ends with ok
1 verbose cli [ 'C:\\Program Files\\nodejs\\\\node.exe',
1 verbose cli   'C:\\Program Files\\nodejs\\node_modules\\npm\\bin\\npm-cli.js',
1 verbose cli   'install',
1 verbose cli   'ng-dialog' ]
2 info using npm@1.4.28
3 info using node@v0.10.35
4 verbose node symlink C:\Program Files\nodejs\\node.exe
5 verbose readDependencies using package.json deps
6 verbose cache add [ 'ng-dialog', null ]
7 verbose cache add name=undefined spec="ng-dialog" args=["ng-dialog",null]
8 verbose parsed url { protocol: null,
8 verbose parsed url   slashes: null,
8 verbose parsed url   auth: null,
8 verbose parsed url   host: null,
8 verbose parsed url   port: null,
8 verbose parsed url   hostname: null,
8 verbose parsed url   hash: null,
8 verbose parsed url   search: null,
8 verbose parsed url   query: null,
8 verbose parsed url   pathname: 'ng-dialog',
8 verbose parsed url   path: 'ng-dialog',
8 verbose parsed url   href: 'ng-dialog' }
9 silly lockFile 97cd74a4-ng-dialog ng-dialog
10 verbose lock ng-dialog C:\Users\a513915\AppData\Roaming\npm-cache\97cd74a4-ng-dialog.lock
11 silly lockFile 97cd74a4-ng-dialog ng-dialog
12 silly lockFile 97cd74a4-ng-dialog ng-dialog
13 verbose addNamed [ 'ng-dialog', '' ]
14 verbose addNamed [ null, '*' ]
15 silly lockFile b85fe687-ng-dialog ng-dialog@
16 verbose lock ng-dialog@ C:\Users\a513915\AppData\Roaming\npm-cache\b85fe687-ng-dialog.lock
17 silly addNameRange { name: 'ng-dialog', range: '*', hasData: false }
18 verbose request where is /ng-dialog
19 verbose request registry https://registry.npmjs.org/
20 verbose request id 6d3c7c15a55ab4b7
21 verbose url raw /ng-dialog
22 verbose url resolving [ 'https://registry.npmjs.org/', './ng-dialog' ]
23 verbose url resolved https://registry.npmjs.org/ng-dialog
24 verbose request where is https://registry.npmjs.org/ng-dialog
25 info trying registry request attempt 1 at 19:40:16
26 http GET https://registry.npmjs.org/ng-dialog
27 info retry will retry, error on last attempt: Error: connect ETIMEDOUT
28 info trying registry request attempt 2 at 19:40:47
29 http GET https://registry.npmjs.org/ng-dialog
30 info retry will retry, error on last attempt: Error: connect ETIMEDOUT
31 info trying registry request attempt 3 at 19:42:08
32 http GET https://registry.npmjs.org/ng-dialog
33 silly lockFile b85fe687-ng-dialog ng-dialog@
34 silly lockFile b85fe687-ng-dialog ng-dialog@
35 error network connect ETIMEDOUT
35 error network This is most likely not a problem with npm itself
35 error network and is related to network connectivity.
35 error network In most cases you are behind a proxy or have bad network settings.
35 error network
35 error network If you are behind a proxy, please make sure that the
35 error network 'proxy' config is set properly.  See: 'npm help config'
36 error System Windows_NT 6.1.7601
37 error command "C:\\Program Files\\nodejs\\\\node.exe" "C:\\Program Files\\nodejs\\node_modules\\npm\\bin\\npm-cli.js" "install" "ng-dialog"
38 error cwd C:\Users\a513915\IdeaProjects\CricApp\src\main\webapp\resources
39 error node -v v0.10.35
40 error npm -v 1.4.28
41 error syscall connect
42 error code ETIMEDOUT
43 error errno ETIMEDOUT
44 verbose exit [ 1, true ]
